========================================================================= 
Log Path: log_file.log 
Program Path: /mnt/STORE1/bighome/samuelgamboa/Projects/bugphyzzExports/inst/scripts/export_bugphyzz.R 
Working Directory: /mnt/STORE1/bighome/samuelgamboa/Projects/bugphyzzExports 
User Name: samuelgamboa 
R Version: 4.3.2 (2023-10-31) 
Machine: supermicro x86_64 
Operating System: Linux 5.4.0-150-generic #167-Ubuntu SMP Mon May 15 17:35:05 UTC 2023 
Base Packages: stats graphics grDevices utils datasets methods base Other Packages: bugphyzzExports_0.0.0.9000 ggplot2_3.4.4 tidyr_1.3.0 purrr_1.0.2 dplyr_1.1.3 phytools_2.0-3 maps_3.4.1.1 ape_5.7-1 data.tree_1.0.0 taxPPro_0.1.0 bugphyzz_0.0.1.4 logr_1.3.5 
Log Start Time: 2023-11-10 15:20:27.708004 
========================================================================= 
Importing 4 physiologies for propagation: aerophilicity, habitat, plant pathogenicity, growth temperature. 

Searching for attributes of type range. They will be converted to type multistate-intersection based on thresholds. 

growth temperature is of type range and we have a threshold for it. Converting growth temperature to multistate-intersection. 
 

Error: object 'dat' not found 
Traceback: 
[1] "4: pull(dat, Attribute_group) at #4"     "3: {"                                   
[3] "       function(y) y[!is.na(y)]"         "   }(pull(dat, Attribute_group))"       
[5] "2: unique({"                             "       function(y) y[!is.na(y)]"        
[7] "   }(pull(dat, Attribute_group))) at #2" "1: myFun(dat)"                          
========================================================================= 
Log End Time: 2023-11-10 16:28:04.174419 
Log Elapsed Time: 0 01:07:36 
========================================================================= 
